#
# A fatal error has been detected by the Java Runtime Environment:
#
#  Internal Error (javaClasses.cpp:126), pid=10504, tid=7200
#  fatal error: Invalid layout of preloaded class
#
# JRE version:  (8.0_31-b13) (build )
# Java VM: Java HotSpot(TM) Client VM (25.31-b07 mixed mode windows-x86 )
# Failed to write core dump. Minidumps are not enabled by default on client versions of Windows
#
# If you would like to submit a bug report, please visit:
#   http://bugreport.java.com/bugreport/crash.jsp
#

---------------  T H R E A D  ---------------

Current thread (0x009ec000):  JavaThread "Unknown thread" [_thread_in_vm, id=7200, stack(0x02630000,0x02680000)]

Stack: [0x02630000,0x02680000],  sp=0x0267f508,  free space=317k
Native frames: (J=compiled Java code, j=interpreted, Vv=VM code, C=native code)
V  [jvm.dll+0x197b8b]
V  [jvm.dll+0x1909e6]
V  [jvm.dll+0x3b409]
V  [jvm.dll+0x3b5be]
V  [jvm.dll+0x49f63]
V  [jvm.dll+0x9dd9e]
V  [jvm.dll+0x9e062]
V  [jvm.dll+0x145c31]
V  [jvm.dll+0x169cb8]
V  [jvm.dll+0xdb171]
C  [javaw.exe+0x13e4]
C  [javaw.exe+0x1eb7]
C  [javaw.exe+0xaba1]
C  [javaw.exe+0xac2b]
C  [kernel32.dll+0x133ca]
C  [ntdll.dll+0x39ed2]
C  [ntdll.dll+0x39ea5]
C  0x00000000


---------------  P R O C E S S  ---------------

Java Threads: ( => current thread )

Other Threads:

=>0x009ec000 (exited) JavaThread "Unknown thread" [_thread_in_vm, id=7200, stack(0x02630000,0x02680000)]

VM state:not at safepoint (not fully initialized)

VM Mutex/Monitor currently owned by a thread: None

GC Heap History (0 events):
No events

Deoptimization events (0 events):
No events

Internal exceptions (0 events):
No events

Events (10 events):
Event: 0.021 loading class java/lang/CharSequence done
Event: 0.021 loading class java/lang/String done
Event: 0.021 loading class java/lang/Class
Event: 0.021 loading class java/lang/reflect/AnnotatedElement
Event: 0.021 loading class java/lang/reflect/AnnotatedElement done
Event: 0.021 loading class java/lang/reflect/GenericDeclaration
Event: 0.021 loading class java/lang/reflect/GenericDeclaration done
Event: 0.021 loading class java/lang/reflect/Type
Event: 0.021 loading class java/lang/reflect/Type done
Event: 0.021 loading class java/lang/Class done


Dynamic libraries:
0x00ae0000 - 0x00b10000 	C:\Program Files (x86)\Java\jre1.8.0_31\bin\javaw.exe
0x777b0000 - 0x77930000 	C:\Windows\SysWOW64\ntdll.dll
0x76be0000 - 0x76cf0000 	C:\Windows\syswow64\kernel32.dll
0x76890000 - 0x768d6000 	C:\Windows\syswow64\KERNELBASE.dll
0x76eb0000 - 0x76f50000 	C:\Windows\syswow64\ADVAPI32.dll
0x762c0000 - 0x7636c000 	C:\Windows\syswow64\msvcrt.dll
0x76bc0000 - 0x76bd9000 	C:\Windows\SysWOW64\sechost.dll
0x76f50000 - 0x77040000 	C:\Windows\syswow64\RPCRT4.dll
0x75310000 - 0x75370000 	C:\Windows\syswow64\SspiCli.dll
0x75300000 - 0x7530c000 	C:\Windows\syswow64\CRYPTBASE.dll
0x770b0000 - 0x771b0000 	C:\Windows\syswow64\USER32.dll
0x76370000 - 0x76400000 	C:\Windows\syswow64\GDI32.dll
0x77780000 - 0x7778a000 	C:\Windows\syswow64\LPK.dll
0x76e10000 - 0x76ead000 	C:\Windows\syswow64\USP10.dll
0x71440000 - 0x715de000 	C:\Windows\WinSxS\x86_microsoft.windows.common-controls_6595b64144ccf1df_6.0.7601.17514_none_41e6975e2bd6f2b2\COMCTL32.dll
0x77050000 - 0x770a7000 	C:\Windows\syswow64\SHLWAPI.dll
0x771b0000 - 0x77210000 	C:\Windows\system32\IMM32.DLL
0x76630000 - 0x766fc000 	C:\Windows\syswow64\MSCTF.dll
0x6bd60000 - 0x6be1f000 	C:\Program Files (x86)\Java\jre1.8.0_31\bin\msvcr100.dll
0x6b8f0000 - 0x6bc94000 	C:\Program Files (x86)\Java\jre1.8.0_31\bin\client\jvm.dll
0x73260000 - 0x73267000 	C:\Windows\system32\WSOCK32.dll
0x76b30000 - 0x76b65000 	C:\Windows\syswow64\WS2_32.dll
0x77040000 - 0x77046000 	C:\Windows\syswow64\NSI.dll
0x6e520000 - 0x6e552000 	C:\Windows\system32\WINMM.dll
0x76420000 - 0x76425000 	C:\Windows\syswow64\PSAPI.DLL
0x6ffa0000 - 0x6ffac000 	C:\Program Files (x86)\Java\jre1.8.0_31\bin\verify.dll
0x6ff70000 - 0x6ff91000 	C:\Program Files (x86)\Java\jre1.8.0_31\bin\java.dll
0x6ff50000 - 0x6ff63000 	C:\Program Files (x86)\Java\jre1.8.0_31\bin\zip.dll
0x6fa20000 - 0x6fb0b000 	C:\Windows\system32\dbghelp.dll

VM Arguments:
jvm_args: -Dfile.encoding=GBK -Xbootclasspath:F:\Android4.2.2\Android4.2.2\android-sdk\platforms\android-17\android.jar 
java_command: com.example.test.test
java_class_path (initial): D:\Development Projects\Android_Projects\test\bin\classes;D:\Development Projects\Android_Projects\test\libs\android-support-v4.jar
Launcher Type: SUN_STANDARD

Environment Variables:
PATH=C:/Program Files (x86)/Java/jre1.8.0_31/bin/client;C:/Program Files (x86)/Java/jre1.8.0_31/bin;C:/Program Files (x86)/Java/jre1.8.0_31/lib/i386;C:\ProgramData\Oracle\Java\javapath;C:\Program Files (x86)\NVIDIA Corporation\PhysX\Common;C:\Windows\system32;C:\Windows;C:\Windows\System32\Wbem;C:\Windows\System32\WindowsPowerShell\v1.0\;C:\Program Files\Intel\WiFi\bin\;C:\Program Files\Common Files\Intel\WirelessCommon\;;F:\software\svn\bin;F:\software\TortoiseSVN\bin;F:\jdk1.6.0_20\bin;F:\software\Subversion\bin;C:\Program Files (x86)\MySQL\MySQL Server 5.6\bin;C:\Program Files\Intel\WiFi\bin\;C:\Program Files\Common Files\Intel\WirelessCommon\;F:\eclipse-adt-22\eclipse-adt-22;
USERNAME=zhang
OS=Windows_NT
PROCESSOR_IDENTIFIER=Intel64 Family 6 Model 15 Stepping 10, GenuineIntel



---------------  S Y S T E M  ---------------

OS: Windows 7 , 64 bit Build 7601 Service Pack 1

CPU:total 2 (2 cores per cpu, 1 threads per core) family 6 model 15 stepping 10, cmov, cx8, fxsr, mmx, sse, sse2, sse3, ssse3, tsc

Memory: 4k page, physical 4127024k(2247576k free), swap 8252204k(5509388k free)

vm_info: Java HotSpot(TM) Client VM (25.31-b07) for windows-x86 JRE (1.8.0_31-b13), built on Dec 17 2014 20:46:12 by "java_re" with MS VC++ 10.0 (VS2010)

time: Thu May 07 20:54:37 2015
elapsed time: 0 seconds (0d 0h 0m 0s)

